\BOOKMARK [1][-]{section*.1}{\376\377\000A\000b\000s\000t\000r\000a\000c\000t}{}% 1
\BOOKMARK [1][-]{section.1}{\376\377\0001\000\040\000I\000n\000t\000r\000o\000d\000u\000c\000t\000i\000o\000n}{}% 2
\BOOKMARK [1][-]{section.2}{\376\377\0002\000\040\000B\000a\000c\000k\000g\000r\000o\000u\000n\000d}{}% 3
\BOOKMARK [2][-]{subsection.2.1}{\376\377\0002\000.\0001\000\040\000D\000-\000I\000r\000G\000L\000\040\000a\000n\000d\000\040\000G\000l\000u\000o\000n}{section.2}% 4
\BOOKMARK [2][-]{subsection.2.2}{\376\377\0002\000.\0002\000\040\000B\000F\000S\000\137\000P\000U\000S\000H}{section.2}% 5
\BOOKMARK [1][-]{section.3}{\376\377\0003\000\040\000O\000v\000e\000r\000l\000a\000p\000p\000i\000n\000g\000\040\000D\000a\000t\000a\000\040\000T\000r\000a\000n\000s\000f\000e\000r\000s}{}% 6
\BOOKMARK [2][-]{subsection.3.1}{\376\377\0003\000.\0001\000\040\000S\000t\000r\000e\000a\000m\000i\000n\000g\000\040\000D\000a\000t\000a\000\040\000T\000r\000a\000n\000s\000f\000e\000r\000s}{section.3}% 7
\BOOKMARK [2][-]{subsection.3.2}{\376\377\0003\000.\0002\000\040\000A\000s\000y\000n\000c\000h\000r\000o\000n\000o\000u\000s\000\040\000T\000r\000a\000n\000s\000f\000e\000r\000s\000\040\000i\000n\000\040\000G\000l\000u\000o\000n}{section.3}% 8
\BOOKMARK [2][-]{subsection.3.3}{\376\377\0003\000.\0003\000\040\000D\000i\000s\000c\000u\000s\000s\000i\000o\000n}{section.3}% 9
\BOOKMARK [1][-]{section.4}{\376\377\0004\000\040\000U\000n\000i\000f\000i\000e\000d\000\040\000V\000i\000r\000t\000u\000a\000l\000\040\000A\000d\000d\000r\000e\000s\000s\000i\000n\000g}{}% 10
\BOOKMARK [2][-]{subsection.4.1}{\376\377\0004\000.\0001\000\040\000U\000V\000A\000\040\000c\000o\000n\000c\000e\000p\000t}{section.4}% 11
\BOOKMARK [2][-]{subsection.4.2}{\376\377\0004\000.\0002\000\040\000U\000s\000i\000n\000g\000\040\000U\000V\000A\000\040\000i\000n\000\040\000G\000l\000u\000o\000n}{section.4}% 12
\BOOKMARK [2][-]{subsection.4.3}{\376\377\0004\000.\0003\000\040\000D\000i\000s\000c\000u\000s\000s\000i\000o\000n\000\040\000a\000n\000d\000\040\000L\000i\000m\000i\000t\000a\000t\000i\000o\000n\000s}{section.4}% 13
\BOOKMARK [1][-]{section.5}{\376\377\0005\000\040\000I\000n\000t\000e\000r\000-\000G\000P\000U\000\040\000c\000o\000m\000m\000u\000n\000i\000c\000a\000t\000i\000o\000n\000\040\000w\000i\000t\000h\000o\000u\000t\000\040\000C\000P\000U\000\040\000I\000n\000t\000e\000r\000v\000e\000n\000t\000i\000o\000n}{}% 14
\BOOKMARK [2][-]{subsection.5.1}{\376\377\0005\000.\0001\000\040\000G\000P\000U\000D\000i\000r\000e\000c\000t\000\040\000T\000e\000c\000h\000n\000o\000l\000o\000g\000y}{section.5}% 15
\BOOKMARK [2][-]{subsection.5.2}{\376\377\0005\000.\0002\000\040\000G\000P\000U\000D\000i\000r\000e\000c\000t\000\040\000i\000n\000\040\000G\000l\000u\000o\000n}{section.5}% 16
\BOOKMARK [2][-]{subsection.5.3}{\376\377\0005\000.\0003\000\040\000D\000i\000s\000c\000u\000s\000s\000i\000o\000n\000\040\000a\000n\000d\000\040\000L\000i\000m\000i\000t\000a\000t\000i\000o\000n\000s}{section.5}% 17
\BOOKMARK [1][-]{section.6}{\376\377\0006\000\040\000C\000o\000n\000c\000l\000u\000s\000i\000o\000n}{}% 18
\BOOKMARK [1][-]{section*.13}{\376\377\000A\000c\000k\000n\000o\000w\000l\000e\000d\000g\000m\000e\000n\000t\000s}{}% 19
\BOOKMARK [1][-]{section*.15}{\376\377\000R\000e\000f\000e\000r\000e\000n\000c\000e\000s}{}% 20
